0 info it worked if it ends with ok
1 verbose cli [ 'C:\\Program Files (x86)\\nodejs\\node.exe',
1 verbose cli   'C:\\Users\\gjurg\\AppData\\Roaming\\npm\\node_modules\\npm\\bin\\npm-cli.js',
1 verbose cli   'run',
1 verbose cli   'serve' ]
2 info using npm@3.10.9
3 info using node@v6.6.0
4 verbose run-script [ 'preserve', 'serve', 'postserve' ]
5 info lifecycle recipe@1.1.0~preserve: recipe@1.1.0
6 silly lifecycle recipe@1.1.0~preserve: no script for preserve, continuing
7 info lifecycle recipe@1.1.0~serve: recipe@1.1.0
8 verbose lifecycle recipe@1.1.0~serve: unsafe-perm in lifecycle true
9 verbose lifecycle recipe@1.1.0~serve: PATH: C:\Users\gjurg\AppData\Roaming\npm\node_modules\npm\bin\node-gyp-bin;C:\Users\gjurg\Desktop\1\work-task-master\node_modules\.bin;C:\Users\gjurg\AppData\Roaming\npm\node_modules\npm\bin\node-gyp-bin;C:\Users\gjurg\Desktop\1\work-task-master\node_modules\.bin;C:\Program Files (x86)\iis express\PHP\v5.4;C:\Windows\system32;C:\Windows;C:\Windows\System32\Wbem;C:\Windows\System32\WindowsPowerShell\v1.0\;C:\Program Files\Microsoft SQL Server\110\Tools\Binn\;C:\Program Files\Microsoft SQL Server\Client SDK\ODBC\110\Tools\Binn\;C:\Program Files (x86)\Microsoft SQL Server\120\Tools\Binn\;C:\Program Files\Microsoft SQL Server\120\Tools\Binn\;C:\Program Files\Microsoft SQL Server\120\DTS\Binn\;C:\Program Files (x86)\Microsoft SQL Server\120\Tools\Binn\ManagementStudio\;C:\Program Files (x86)\Microsoft SQL Server\120\DTS\Binn\;C:\Program Files\Microsoft\Web Platform Installer\;C:\Program Files\MySQL\MySQL Server 5.1\bin;C:\Program Files (x86)\Microsoft SDKs\TypeScript\1.0\;C:\ProgramData\chocolatey\bin;C:\WINDOWS\system32;C:\WINDOWS;C:\WINDOWS\System32\Wbem;C:\WINDOWS\System32\WindowsPowerShell\v1.0\;C:\WINDOWS\system32;C:\WINDOWS;C:\WINDOWS\System32\Wbem;C:\WINDOWS\System32\WindowsPowerShell\v1.0\;C:\Program Files\Microsoft SQL Server\130\Tools\Binn\;C:\Program Files (x86)\Windows Kits\10\Windows Performance Toolkit\;C:\Program Files (x86)\Microsoft Emulator Manager\1.0\;C:\Program Files\dotnet\;C:\Program Files\Git\cmd;C:\Program Files (x86)\nodejs\;C:\Program Files (x86)\Skype\Phone\;;C:\Program Files (x86)\Microsoft VS Code\bin;.bin;C:\Users\gjurg\AppData\Local\Microsoft\WindowsApps;C:\Users\gjurg\AppData\Roaming\npm
10 verbose lifecycle recipe@1.1.0~serve: CWD: C:\Users\gjurg\Desktop\1\work-task-master
11 silly lifecycle recipe@1.1.0~serve: Args: [ '/d /s /c', 'lite-server -c=bs-config.json' ]
12 silly lifecycle recipe@1.1.0~serve: Returned: code: 3  signal: null
13 info lifecycle recipe@1.1.0~serve: Failed to exec serve script
14 verbose stack Error: recipe@1.1.0 serve: `lite-server -c=bs-config.json`
14 verbose stack Exit status 3
14 verbose stack     at EventEmitter.<anonymous> (C:\Users\gjurg\AppData\Roaming\npm\node_modules\npm\lib\utils\lifecycle.js:255:16)
14 verbose stack     at emitTwo (events.js:106:13)
14 verbose stack     at EventEmitter.emit (events.js:191:7)
14 verbose stack     at ChildProcess.<anonymous> (C:\Users\gjurg\AppData\Roaming\npm\node_modules\npm\lib\utils\spawn.js:40:14)
14 verbose stack     at emitTwo (events.js:106:13)
14 verbose stack     at ChildProcess.emit (events.js:191:7)
14 verbose stack     at maybeClose (internal/child_process.js:877:16)
14 verbose stack     at Process.ChildProcess._handle.onexit (internal/child_process.js:226:5)
15 verbose pkgid recipe@1.1.0
16 verbose cwd C:\Users\gjurg\Desktop\1\work-task-master
17 error Windows_NT 10.0.14393
18 error argv "C:\\Program Files (x86)\\nodejs\\node.exe" "C:\\Users\\gjurg\\AppData\\Roaming\\npm\\node_modules\\npm\\bin\\npm-cli.js" "run" "serve"
19 error node v6.6.0
20 error npm  v3.10.9
21 error code ELIFECYCLE
22 error recipe@1.1.0 serve: `lite-server -c=bs-config.json`
22 error Exit status 3
23 error Failed at the recipe@1.1.0 serve script 'lite-server -c=bs-config.json'.
23 error Make sure you have the latest version of node.js and npm installed.
23 error If you do, this is most likely a problem with the recipe package,
23 error not with npm itself.
23 error Tell the author that this fails on your system:
23 error     lite-server -c=bs-config.json
23 error You can get information on how to open an issue for this project with:
23 error     npm bugs recipe
23 error Or if that isn't available, you can get their info via:
23 error     npm owner ls recipe
23 error There is likely additional logging output above.
24 verbose exit [ 1, true ]
